Построение начато 24.02.2018 14:01:13.
     1>Проект "D:\My Programs\MyPasswordHacker\MyPasswordHacker\MyPasswordHacker.vcxproj" в узле 2 (целевые объекты build).
     1>InitializeBuildStatus:
         Создание "Debug\MyPasswordHacker.unsuccessfulbuild", так как было задано "AlwaysCreate".
       ClCompile:
         Для всех выходных данных обновления не требуется.
         c:\Program Files (x86)\Microsoft Visual Studio 10.0\VC\bin\CL.exe /c /ZI /nologo /W3 /WX- /Od /Oy- /D WIN32 /D _DEBUG /D _CONSOLE /D _UNICODE /D UNICODE /Gm /EHsc /RTC1 /MDd /GS /fp:precise /Zc:wchar_t /Zc:forScope /Yu"StdAfx.h" /Fp"Debug\MyPasswordHacker.pch" /Fo"Debug\\" /Fd"Debug\vc100.pdb" /Gd /TP /analyze- /errorReport:prompt MyPasswordHacker.cpp
         MyPasswordHacker.cpp
       ManifestResourceCompile:
         Для всех выходных данных обновления не требуется.
       Link:
         c:\Program Files (x86)\Microsoft Visual Studio 10.0\VC\bin\link.exe /ERRORREPORT:PROMPT /OUT:"D:\My Programs\MyPasswordHacker\Debug\MyPasswordHacker.exe" /INCREMENTAL /NOLOGO kernel32.lib user32.lib gdi32.lib winspool.lib comdlg32.lib advapi32.lib shell32.lib ole32.lib oleaut32.lib uuid.lib odbc32.lib odbccp32.lib /MANIFEST /ManifestFile:"Debug\MyPasswordHacker.exe.intermediate.manifest" /MANIFESTUAC:"level='asInvoker' uiAccess='false'" /DEBUG /PDB:"D:\My Programs\MyPasswordHacker\Debug\MyPasswordHacker.pdb" /SUBSYSTEM:CONSOLE /TLBID:1 /DYNAMICBASE /NXCOMPAT /IMPLIB:"D:\My Programs\MyPasswordHacker\Debug\MyPasswordHacker.lib" /MACHINE:X86 Debug\MyPasswordHacker.exe.embed.manifest.res
         Debug\MyPasswordHacker.obj
         Debug\stdafx.obj
       Manifest:
         C:\Program Files (x86)\Microsoft SDKs\Windows\v7.0A\bin\mt.exe /nologo /verbose /out:"Debug\MyPasswordHacker.exe.embed.manifest" /manifest Debug\MyPasswordHacker.exe.intermediate.manifest
         Для всех выходных данных обновления не требуется.
       LinkEmbedManifest:
         Для всех выходных данных обновления не требуется.
         MyPasswordHacker.vcxproj -> D:\My Programs\MyPasswordHacker\Debug\MyPasswordHacker.exe
       FinalizeBuildStatus:
         Файл "Debug\MyPasswordHacker.unsuccessfulbuild" удаляется.
         Обращение к "Debug\MyPasswordHacker.lastbuildstate".
     1>Построение проекта "D:\My Programs\MyPasswordHacker\MyPasswordHacker\MyPasswordHacker.vcxproj" завершено (целевые объекты build).

Построение успешно завершено.

Затраченное время: 00:00:01.63
